manifest_merge_blame_file/release/processReleaseMainManifest/manifest-merger-blame-release-report.txt
1<?xml version="1.0" encoding="utf-8"?>
2<manifest xmlns:android="http://schemas.android.com/apk/res/android"
3    package="com.masayaako.driver"
4    android:versionCode="1"
5    android:versionName="1.0" >
6
7    <uses-sdk
8        android:minSdkVersion="24"
9        android:targetSdkVersion="36" />
10
11    <!-- Permissions -->
12
13    <uses-permission android:name="android.permission.INTERNET" />
13-->src\main\AndroidManifest.xml:40:5-67
13-->src\main\AndroidManifest.xml:40:22-64
14    <uses-permission android:name="android.permission.ACCESS_COARSE_LOCATION" />
14-->src\main\AndroidManifest.xml:41:5-81
14-->src\main\AndroidManifest.xml:41:22-78
15    <uses-permission android:name="android.permission.ACCESS_FINE_LOCATION" />
15-->src\main\AndroidManifest.xml:42:5-79
15-->src\main\AndroidManifest.xml:42:22-76
16    <uses-permission android:name="android.permission.CAMERA" />
16-->src\main\AndroidManifest.xml:43:5-65
16-->src\main\AndroidManifest.xml:43:22-62
17    <uses-permission android:name="android.permission.POST_NOTIFICATIONS" />
17-->src\main\AndroidManifest.xml:44:5-77
17-->src\main\AndroidManifest.xml:44:22-74
18
19    <queries>
19-->[:capacitor-camera] AndroidManifest.xml:7:5-17:15
20        <intent>
20-->[:capacitor-camera] AndroidManifest.xml:8:9-10:18
21            <action android:name="android.media.action.IMAGE_CAPTURE" />
21-->[:capacitor-camera] AndroidManifest.xml:9:13-73
21-->[:capacitor-camera] AndroidManifest.xml:9:21-70
22        </intent>
23        <intent>
23-->[:capacitor-camera] AndroidManifest.xml:11:9-13:18
24            <action android:name="android.intent.action.GET_CONTENT" />
24-->[:capacitor-camera] AndroidManifest.xml:12:13-72
24-->[:capacitor-camera] AndroidManifest.xml:12:21-69
25        </intent>
26        <intent>
26-->[:capacitor-camera] AndroidManifest.xml:14:9-16:18
27            <action android:name="android.intent.action.PICK" />
27-->[:capacitor-camera] AndroidManifest.xml:15:13-65
27-->[:capacitor-camera] AndroidManifest.xml:15:21-62
28        </intent>
29    </queries>
30
31    <uses-permission android:name="android.permission.RECEIVE_BOOT_COMPLETED" />
31-->[:capacitor-local-notifications] AndroidManifest.xml:7:5-81
31-->[:capacitor-local-notifications] AndroidManifest.xml:7:22-78
32    <uses-permission android:name="android.permission.WAKE_LOCK" />
32-->[:capacitor-local-notifications] AndroidManifest.xml:8:5-68
32-->[:capacitor-local-notifications] AndroidManifest.xml:8:22-65
33    <uses-permission android:name="android.permission.ACCESS_NETWORK_STATE" /> <!-- Required by older versions of Google Play services to create IID tokens -->
33-->[io.ionic.libs:iongeolocation-android:2.2.0] AndroidManifest.xml:7:5-79
33-->[io.ionic.libs:iongeolocation-android:2.2.0] AndroidManifest.xml:7:22-76
34    <uses-permission android:name="com.google.android.c2dm.permission.RECEIVE" />
34-->[com.google.firebase:firebase-messaging:25.0.1] AndroidManifest.xml:26:5-82
34-->[com.google.firebase:firebase-messaging:25.0.1] AndroidManifest.xml:26:22-79
35
36    <permission
36-->[androidx.core:core:1.17.0] AndroidManifest.xml:22:5-24:47
37        android:name="com.masayaako.driver.DYNAMIC_RECEIVER_NOT_EXPORTED_PERMISSION"
37-->[androidx.core:core:1.17.0] AndroidManifest.xml:23:9-81
38        android:protectionLevel="signature" />
38-->[androidx.core:core:1.17.0] AndroidManifest.xml:24:9-44
39
40    <uses-permission android:name="com.masayaako.driver.DYNAMIC_RECEIVER_NOT_EXPORTED_PERMISSION" />
40-->[androidx.core:core:1.17.0] AndroidManifest.xml:26:5-97
40-->[androidx.core:core:1.17.0] AndroidManifest.xml:26:22-94
41
42    <application
42-->src\main\AndroidManifest.xml:4:5-36:19
43        android:allowBackup="true"
43-->src\main\AndroidManifest.xml:5:9-35
44        android:appComponentFactory="androidx.core.app.CoreComponentFactory"
44-->[androidx.core:core:1.17.0] AndroidManifest.xml:28:18-86
45        android:extractNativeLibs="false"
46        android:icon="@mipmap/ic_launcher"
46-->src\main\AndroidManifest.xml:6:9-43
47        android:label="@string/app_name"
47-->src\main\AndroidManifest.xml:7:9-41
48        android:requestLegacyExternalStorage="true"
48-->[io.ionic.libs:ioncamera-android:1.0.1] AndroidManifest.xml:8:18-61
49        android:roundIcon="@mipmap/ic_launcher_round"
49-->src\main\AndroidManifest.xml:8:9-54
50        android:supportsRtl="true"
50-->src\main\AndroidManifest.xml:9:9-35
51        android:theme="@style/AppTheme" >
51-->src\main\AndroidManifest.xml:10:9-40
52        <activity
52-->src\main\AndroidManifest.xml:12:9-25:20
53            android:name="com.masayaako.driver.MainActivity"
53-->src\main\AndroidManifest.xml:14:13-41
54            android:configChanges="orientation|keyboardHidden|keyboard|screenSize|locale|smallestScreenSize|screenLayout|uiMode|navigation|density"
54-->src\main\AndroidManifest.xml:13:13-148
55            android:exported="true"
55-->src\main\AndroidManifest.xml:18:13-36
56            android:label="@string/title_activity_main"
56-->src\main\AndroidManifest.xml:15:13-56
57            android:launchMode="singleTask"
57-->src\main\AndroidManifest.xml:17:13-44
58            android:theme="@style/AppTheme.NoActionBarLaunch" >
58-->src\main\AndroidManifest.xml:16:13-62
59            <intent-filter>
59-->src\main\AndroidManifest.xml:20:13-23:29
60                <action android:name="android.intent.action.MAIN" />
60-->src\main\AndroidManifest.xml:21:17-69
60-->src\main\AndroidManifest.xml:21:25-66
61
62                <category android:name="android.intent.category.LAUNCHER" />
62-->src\main\AndroidManifest.xml:22:17-77
62-->src\main\AndroidManifest.xml:22:27-74
63            </intent-filter>
64        </activity>
65
66        <provider
67            android:name="androidx.core.content.FileProvider"
67-->src\main\AndroidManifest.xml:28:13-62
68            android:authorities="com.masayaako.driver.fileprovider"
68-->src\main\AndroidManifest.xml:29:13-64
69            android:exported="false"
69-->src\main\AndroidManifest.xml:30:13-37
70            android:grantUriPermissions="true" >
70-->src\main\AndroidManifest.xml:31:13-47
71            <meta-data
71-->src\main\AndroidManifest.xml:32:13-34:64
72                android:name="android.support.FILE_PROVIDER_PATHS"
72-->src\main\AndroidManifest.xml:33:17-67
73                android:resource="@xml/file_paths" />
73-->src\main\AndroidManifest.xml:34:17-51
74        </provider>
75
76        <receiver android:name="com.capacitorjs.plugins.localnotifications.TimedNotificationPublisher" />
76-->[:capacitor-local-notifications] AndroidManifest.xml:12:9-106
76-->[:capacitor-local-notifications] AndroidManifest.xml:12:19-103
77        <receiver android:name="com.capacitorjs.plugins.localnotifications.NotificationDismissReceiver" />
77-->[:capacitor-local-notifications] AndroidManifest.xml:13:9-107
77-->[:capacitor-local-notifications] AndroidManifest.xml:13:19-104
78        <receiver
78-->[:capacitor-local-notifications] AndroidManifest.xml:14:9-23:20
79            android:name="com.capacitorjs.plugins.localnotifications.LocalNotificationRestoreReceiver"
79-->[:capacitor-local-notifications] AndroidManifest.xml:15:13-103
80            android:directBootAware="true"
80-->[:capacitor-local-notifications] AndroidManifest.xml:16:13-43
81            android:exported="false" >
81-->[:capacitor-local-notifications] AndroidManifest.xml:17:13-37
82            <intent-filter>
82-->[:capacitor-local-notifications] AndroidManifest.xml:18:13-22:29
83                <action android:name="android.intent.action.LOCKED_BOOT_COMPLETED" />
83-->[:capacitor-local-notifications] AndroidManifest.xml:19:17-86
83-->[:capacitor-local-notifications] AndroidManifest.xml:19:25-83
84                <action android:name="android.intent.action.BOOT_COMPLETED" />
84-->[:capacitor-local-notifications] AndroidManifest.xml:20:17-79
84-->[:capacitor-local-notifications] AndroidManifest.xml:20:25-76
85                <action android:name="android.intent.action.QUICKBOOT_POWERON" />
85-->[:capacitor-local-notifications] AndroidManifest.xml:21:17-82
85-->[:capacitor-local-notifications] AndroidManifest.xml:21:25-79
86            </intent-filter>
87        </receiver>
88
89        <service
89-->[:capacitor-push-notifications] AndroidManifest.xml:8:9-14:19
90            android:name="com.capacitorjs.plugins.pushnotifications.MessagingService"
90-->[:capacitor-push-notifications] AndroidManifest.xml:9:13-86
91            android:exported="false" >
91-->[:capacitor-push-notifications] AndroidManifest.xml:10:13-37
92            <intent-filter>
92-->[:capacitor-push-notifications] AndroidManifest.xml:11:13-13:29
93                <action android:name="com.google.firebase.MESSAGING_EVENT" />
93-->[:capacitor-push-notifications] AndroidManifest.xml:12:17-78
93-->[:capacitor-push-notifications] AndroidManifest.xml:12:25-75
94            </intent-filter>
95        </service>
96
97        <activity
97-->[io.ionic.libs:ioncamera-android:1.0.1] AndroidManifest.xml:9:9-11:86
98            android:name="io.ionic.libs.ioncameralib.view.IONCAMRLoadingActivity"
98-->[io.ionic.libs:ioncamera-android:1.0.1] AndroidManifest.xml:10:13-82
99            android:theme="@android:style/Theme.Translucent.NoTitleBar.Fullscreen" />
99-->[io.ionic.libs:ioncamera-android:1.0.1] AndroidManifest.xml:11:13-83
100        <activity
100-->[io.ionic.libs:ioncamera-android:1.0.1] AndroidManifest.xml:12:9-16:36
101            android:name="io.ionic.libs.ioncameralib.view.IONCAMRImageEditorActivity"
101-->[io.ionic.libs:ioncamera-android:1.0.1] AndroidManifest.xml:13:13-86
102            android:enableOnBackInvokedCallback="true"
102-->[io.ionic.libs:ioncamera-android:1.0.1] AndroidManifest.xml:14:13-55
103            android:theme="@android:style/Theme.Black.NoTitleBar" />
103-->[io.ionic.libs:ioncamera-android:1.0.1] AndroidManifest.xml:15:13-66
104        <activity
104-->[io.ionic.libs:ioncamera-android:1.0.1] AndroidManifest.xml:17:9-20:86
105            android:name="io.ionic.libs.ioncameralib.view.IONCAMROpenPhotoPickerActivity"
105-->[io.ionic.libs:ioncamera-android:1.0.1] AndroidManifest.xml:18:13-90
106            android:exported="false"
106-->[io.ionic.libs:ioncamera-android:1.0.1] AndroidManifest.xml:19:13-37
107            android:theme="@android:style/Theme.Translucent.NoTitleBar.Fullscreen" /> <!-- Trigger Google Play services to install the backported photo picker module. -->
107-->[io.ionic.libs:ioncamera-android:1.0.1] AndroidManifest.xml:20:13-83
108        <service
108-->[io.ionic.libs:ioncamera-android:1.0.1] AndroidManifest.xml:22:9-34:19
109            android:name="com.google.android.gms.metadata.ModuleDependencies"
109-->[io.ionic.libs:ioncamera-android:1.0.1] AndroidManifest.xml:23:13-78
110            android:enabled="false"
110-->[io.ionic.libs:ioncamera-android:1.0.1] AndroidManifest.xml:24:13-36
111            android:exported="false" >
111-->[io.ionic.libs:ioncamera-android:1.0.1] AndroidManifest.xml:25:13-37
112            <intent-filter>
112-->[io.ionic.libs:ioncamera-android:1.0.1] AndroidManifest.xml:27:13-29:29
113                <action android:name="com.google.android.gms.metadata.MODULE_DEPENDENCIES" />
113-->[io.ionic.libs:ioncamera-android:1.0.1] AndroidManifest.xml:28:17-94
113-->[io.ionic.libs:ioncamera-android:1.0.1] AndroidManifest.xml:28:25-91
114            </intent-filter>
115
116            <meta-data
116-->[io.ionic.libs:ioncamera-android:1.0.1] AndroidManifest.xml:31:13-33:36
117                android:name="photopicker_activity:0:required"
117-->[io.ionic.libs:ioncamera-android:1.0.1] AndroidManifest.xml:32:17-63
118                android:value="" />
118-->[io.ionic.libs:ioncamera-android:1.0.1] AndroidManifest.xml:33:17-33
119        </service>
120
121        <provider
121-->[io.ionic.libs:ioncamera-android:1.0.1] AndroidManifest.xml:36:9-44:20
122            android:name="io.ionic.libs.ioncameralib.IONCAMRFileProvider"
122-->[io.ionic.libs:ioncamera-android:1.0.1] AndroidManifest.xml:37:13-74
123            android:authorities="com.masayaako.driver.camera.provider"
123-->[io.ionic.libs:ioncamera-android:1.0.1] AndroidManifest.xml:38:13-67
124            android:exported="false"
124-->[io.ionic.libs:ioncamera-android:1.0.1] AndroidManifest.xml:39:13-37
125            android:grantUriPermissions="true" >
125-->[io.ionic.libs:ioncamera-android:1.0.1] AndroidManifest.xml:40:13-47
126            <meta-data
126-->src\main\AndroidManifest.xml:32:13-34:64
127                android:name="android.support.FILE_PROVIDER_PATHS"
127-->src\main\AndroidManifest.xml:33:17-67
128                android:resource="@xml/ioncamera_paths" />
128-->src\main\AndroidManifest.xml:34:17-51
129        </provider>
130
131        <receiver
131-->[com.google.firebase:firebase-messaging:25.0.1] AndroidManifest.xml:29:9-40:20
132            android:name="com.google.firebase.iid.FirebaseInstanceIdReceiver"
132-->[com.google.firebase:firebase-messaging:25.0.1] AndroidManifest.xml:30:13-78
133            android:exported="true"
133-->[com.google.firebase:firebase-messaging:25.0.1] AndroidManifest.xml:31:13-36
134            android:permission="com.google.android.c2dm.permission.SEND" >
134-->[com.google.firebase:firebase-messaging:25.0.1] AndroidManifest.xml:32:13-73
135            <intent-filter>
135-->[com.google.firebase:firebase-messaging:25.0.1] AndroidManifest.xml:33:13-35:29
136                <action android:name="com.google.android.c2dm.intent.RECEIVE" />
136-->[com.google.firebase:firebase-messaging:25.0.1] AndroidManifest.xml:34:17-81
136-->[com.google.firebase:firebase-messaging:25.0.1] AndroidManifest.xml:34:25-78
137            </intent-filter>
138
139            <meta-data
139-->[com.google.firebase:firebase-messaging:25.0.1] AndroidManifest.xml:37:13-39:40
140                android:name="com.google.android.gms.cloudmessaging.FINISHED_AFTER_HANDLED"
140-->[com.google.firebase:firebase-messaging:25.0.1] AndroidManifest.xml:38:17-92
141                android:value="true" />
141-->[com.google.firebase:firebase-messaging:25.0.1] AndroidManifest.xml:39:17-37
142        </receiver>
143        <!--
144             FirebaseMessagingService performs security checks at runtime,
145             but set to not exported to explicitly avoid allowing another app to call it.
146        -->
147        <service
147-->[com.google.firebase:firebase-messaging:25.0.1] AndroidManifest.xml:46:9-53:19
148            android:name="com.google.firebase.messaging.FirebaseMessagingService"
148-->[com.google.firebase:firebase-messaging:25.0.1] AndroidManifest.xml:47:13-82
149            android:directBootAware="true"
149-->[com.google.firebase:firebase-messaging:25.0.1] AndroidManifest.xml:48:13-43
150            android:exported="false" >
150-->[com.google.firebase:firebase-messaging:25.0.1] AndroidManifest.xml:49:13-37
151            <intent-filter android:priority="-500" >
151-->[:capacitor-push-notifications] AndroidManifest.xml:11:13-13:29
152                <action android:name="com.google.firebase.MESSAGING_EVENT" />
152-->[:capacitor-push-notifications] AndroidManifest.xml:12:17-78
152-->[:capacitor-push-notifications] AndroidManifest.xml:12:25-75
153            </intent-filter>
154        </service>
155        <service
155-->[com.google.firebase:firebase-messaging:25.0.1] AndroidManifest.xml:54:9-63:19
156            android:name="com.google.firebase.components.ComponentDiscoveryService"
156-->[com.google.firebase:firebase-messaging:25.0.1] AndroidManifest.xml:55:13-84
157            android:directBootAware="true"
157-->[com.google.firebase:firebase-common:22.0.1] AndroidManifest.xml:32:13-43
158            android:exported="false" >
158-->[com.google.firebase:firebase-messaging:25.0.1] AndroidManifest.xml:56:13-37
159            <meta-data
159-->[com.google.firebase:firebase-messaging:25.0.1] AndroidManifest.xml:57:13-59:85
160                android:name="com.google.firebase.components:com.google.firebase.messaging.FirebaseMessagingKtxRegistrar"
160-->[com.google.firebase:firebase-messaging:25.0.1] AndroidManifest.xml:58:17-122
161                android:value="com.google.firebase.components.ComponentRegistrar" />
161-->[com.google.firebase:firebase-messaging:25.0.1] AndroidManifest.xml:59:17-82
162            <meta-data
162-->[com.google.firebase:firebase-messaging:25.0.1] AndroidManifest.xml:60:13-62:85
163                android:name="com.google.firebase.components:com.google.firebase.messaging.FirebaseMessagingRegistrar"
163-->[com.google.firebase:firebase-messaging:25.0.1] AndroidManifest.xml:61:17-119
164                android:value="com.google.firebase.components.ComponentRegistrar" />
164-->[com.google.firebase:firebase-messaging:25.0.1] AndroidManifest.xml:62:17-82
165            <meta-data
165-->[com.google.firebase:firebase-installations:18.0.0] AndroidManifest.xml:15:13-17:85
166                android:name="com.google.firebase.components:com.google.firebase.installations.FirebaseInstallationsKtxRegistrar"
166-->[com.google.firebase:firebase-installations:18.0.0] AndroidManifest.xml:16:17-130
167                android:value="com.google.firebase.components.ComponentRegistrar" />
167-->[com.google.firebase:firebase-installations:18.0.0] AndroidManifest.xml:17:17-82
168            <meta-data
168-->[com.google.firebase:firebase-installations:18.0.0] AndroidManifest.xml:18:13-20:85
169                android:name="com.google.firebase.components:com.google.firebase.installations.FirebaseInstallationsRegistrar"
169-->[com.google.firebase:firebase-installations:18.0.0] AndroidManifest.xml:19:17-127
170                android:value="com.google.firebase.components.ComponentRegistrar" />
170-->[com.google.firebase:firebase-installations:18.0.0] AndroidManifest.xml:20:17-82
171            <meta-data
171-->[com.google.firebase:firebase-common:22.0.1] AndroidManifest.xml:35:13-37:85
172                android:name="com.google.firebase.components:com.google.firebase.FirebaseCommonKtxRegistrar"
172-->[com.google.firebase:firebase-common:22.0.1] AndroidManifest.xml:36:17-109
173                android:value="com.google.firebase.components.ComponentRegistrar" />
173-->[com.google.firebase:firebase-common:22.0.1] AndroidManifest.xml:37:17-82
174            <meta-data
174-->[com.google.firebase:firebase-datatransport:18.2.0] AndroidManifest.xml:25:13-27:85
175                android:name="com.google.firebase.components:com.google.firebase.datatransport.TransportRegistrar"
175-->[com.google.firebase:firebase-datatransport:18.2.0] AndroidManifest.xml:26:17-115
176                android:value="com.google.firebase.components.ComponentRegistrar" />
176-->[com.google.firebase:firebase-datatransport:18.2.0] AndroidManifest.xml:27:17-82
177        </service>
178
179        <activity
179-->[com.google.android.gms:play-services-base:18.5.0] AndroidManifest.xml:5:9-173
180            android:name="com.google.android.gms.common.api.GoogleApiActivity"
180-->[com.google.android.gms:play-services-base:18.5.0] AndroidManifest.xml:5:19-85
181            android:exported="false"
181-->[com.google.android.gms:play-services-base:18.5.0] AndroidManifest.xml:5:146-170
182            android:theme="@android:style/Theme.Translucent.NoTitleBar" />
182-->[com.google.android.gms:play-services-base:18.5.0] AndroidManifest.xml:5:86-145
183
184        <provider
184-->[androidx.emoji2:emoji2:1.3.0] AndroidManifest.xml:24:9-32:20
185            android:name="androidx.startup.InitializationProvider"
185-->[androidx.emoji2:emoji2:1.3.0] AndroidManifest.xml:25:13-67
186            android:authorities="com.masayaako.driver.androidx-startup"
186-->[androidx.emoji2:emoji2:1.3.0] AndroidManifest.xml:26:13-68
187            android:exported="false" >
187-->[androidx.emoji2:emoji2:1.3.0] AndroidManifest.xml:27:13-37
188            <meta-data
188-->[androidx.emoji2:emoji2:1.3.0] AndroidManifest.xml:29:13-31:52
189                android:name="androidx.emoji2.text.EmojiCompatInitializer"
189-->[androidx.emoji2:emoji2:1.3.0] AndroidManifest.xml:30:17-75
190                android:value="androidx.startup" />
190-->[androidx.emoji2:emoji2:1.3.0] AndroidManifest.xml:31:17-49
191            <meta-data
191-->[androidx.lifecycle:lifecycle-process:2.6.2] AndroidManifest.xml:29:13-31:52
192                android:name="androidx.lifecycle.ProcessLifecycleInitializer"
192-->[androidx.lifecycle:lifecycle-process:2.6.2] AndroidManifest.xml:30:17-78
193                android:value="androidx.startup" />
193-->[androidx.lifecycle:lifecycle-process:2.6.2] AndroidManifest.xml:31:17-49
194            <meta-data
194-->[androidx.profileinstaller:profileinstaller:1.4.0] AndroidManifest.xml:29:13-31:52
195                android:name="androidx.profileinstaller.ProfileInstallerInitializer"
195-->[androidx.profileinstaller:profileinstaller:1.4.0] AndroidManifest.xml:30:17-85
196                android:value="androidx.startup" />
196-->[androidx.profileinstaller:profileinstaller:1.4.0] AndroidManifest.xml:31:17-49
197        </provider>
198        <!--
199        Service for holding metadata. Cannot be instantiated.
200        Metadata will be merged from other manifests.
201        -->
202        <service
202-->[androidx.camera:camera-core:1.4.2] AndroidManifest.xml:29:9-33:78
203            android:name="androidx.camera.core.impl.MetadataHolderService"
203-->[androidx.camera:camera-core:1.4.2] AndroidManifest.xml:30:13-75
204            android:enabled="false"
204-->[androidx.camera:camera-core:1.4.2] AndroidManifest.xml:31:13-36
205            android:exported="false" />
205-->[androidx.camera:camera-core:1.4.2] AndroidManifest.xml:32:13-37
206
207        <provider
207-->[com.google.firebase:firebase-common:22.0.1] AndroidManifest.xml:23:9-28:39
208            android:name="com.google.firebase.provider.FirebaseInitProvider"
208-->[com.google.firebase:firebase-common:22.0.1] AndroidManifest.xml:24:13-77
209            android:authorities="com.masayaako.driver.firebaseinitprovider"
209-->[com.google.firebase:firebase-common:22.0.1] AndroidManifest.xml:25:13-72
210            android:directBootAware="true"
210-->[com.google.firebase:firebase-common:22.0.1] AndroidManifest.xml:26:13-43
211            android:exported="false"
211-->[com.google.firebase:firebase-common:22.0.1] AndroidManifest.xml:27:13-37
212            android:initOrder="100" />
212-->[com.google.firebase:firebase-common:22.0.1] AndroidManifest.xml:28:13-36
213
214        <meta-data
214-->[com.google.android.gms:play-services-basement:18.4.0] AndroidManifest.xml:6:9-122
215            android:name="com.google.android.gms.version"
215-->[com.google.android.gms:play-services-basement:18.4.0] AndroidManifest.xml:6:20-65
216            android:value="@integer/google_play_services_version" />
216-->[com.google.android.gms:play-services-basement:18.4.0] AndroidManifest.xml:6:66-119
217
218        <receiver
218-->[androidx.profileinstaller:profileinstaller:1.4.0] AndroidManifest.xml:34:9-52:20
219            android:name="androidx.profileinstaller.ProfileInstallReceiver"
219-->[androidx.profileinstaller:profileinstaller:1.4.0] AndroidManifest.xml:35:13-76
220            android:directBootAware="false"
220-->[androidx.profileinstaller:profileinstaller:1.4.0] AndroidManifest.xml:36:13-44
221            android:enabled="true"
221-->[androidx.profileinstaller:profileinstaller:1.4.0] AndroidManifest.xml:37:13-35
222            android:exported="true"
222-->[androidx.profileinstaller:profileinstaller:1.4.0] AndroidManifest.xml:38:13-36
223            android:permission="android.permission.DUMP" >
223-->[androidx.profileinstaller:profileinstaller:1.4.0] AndroidManifest.xml:39:13-57
224            <intent-filter>
224-->[androidx.profileinstaller:profileinstaller:1.4.0] AndroidManifest.xml:40:13-42:29
225                <action android:name="androidx.profileinstaller.action.INSTALL_PROFILE" />
225-->[androidx.profileinstaller:profileinstaller:1.4.0] AndroidManifest.xml:41:17-91
225-->[androidx.profileinstaller:profileinstaller:1.4.0] AndroidManifest.xml:41:25-88
226            </intent-filter>
227            <intent-filter>
227-->[androidx.profileinstaller:profileinstaller:1.4.0] AndroidManifest.xml:43:13-45:29
228                <action android:name="androidx.profileinstaller.action.SKIP_FILE" />
228-->[androidx.profileinstaller:profileinstaller:1.4.0] AndroidManifest.xml:44:17-85
228-->[androidx.profileinstaller:profileinstaller:1.4.0] AndroidManifest.xml:44:25-82
229            </intent-filter>
230            <intent-filter>
230-->[androidx.profileinstaller:profileinstaller:1.4.0] AndroidManifest.xml:46:13-48:29
231                <action android:name="androidx.profileinstaller.action.SAVE_PROFILE" />
231-->[androidx.profileinstaller:profileinstaller:1.4.0] AndroidManifest.xml:47:17-88
231-->[androidx.profileinstaller:profileinstaller:1.4.0] AndroidManifest.xml:47:25-85
232            </intent-filter>
233            <intent-filter>
233-->[androidx.profileinstaller:profileinstaller:1.4.0] AndroidManifest.xml:49:13-51:29
234                <action android:name="androidx.profileinstaller.action.BENCHMARK_OPERATION" />
234-->[androidx.profileinstaller:profileinstaller:1.4.0] AndroidManifest.xml:50:17-95
234-->[androidx.profileinstaller:profileinstaller:1.4.0] AndroidManifest.xml:50:25-92
235            </intent-filter>
236        </receiver>
237
238        <service
238-->[com.google.android.datatransport:transport-backend-cct:3.1.9] AndroidManifest.xml:28:9-34:19
239            android:name="com.google.android.datatransport.runtime.backends.TransportBackendDiscovery"
239-->[com.google.android.datatransport:transport-backend-cct:3.1.9] AndroidManifest.xml:29:13-103
240            android:exported="false" >
240-->[com.google.android.datatransport:transport-backend-cct:3.1.9] AndroidManifest.xml:30:13-37
241            <meta-data
241-->[com.google.android.datatransport:transport-backend-cct:3.1.9] AndroidManifest.xml:31:13-33:39
242                android:name="backend:com.google.android.datatransport.cct.CctBackendFactory"
242-->[com.google.android.datatransport:transport-backend-cct:3.1.9] AndroidManifest.xml:32:17-94
243                android:value="cct" />
243-->[com.google.android.datatransport:transport-backend-cct:3.1.9] AndroidManifest.xml:33:17-36
244        </service>
245        <service
245-->[com.google.android.datatransport:transport-runtime:3.1.9] AndroidManifest.xml:26:9-30:19
246            android:name="com.google.android.datatransport.runtime.scheduling.jobscheduling.JobInfoSchedulerService"
246-->[com.google.android.datatransport:transport-runtime:3.1.9] AndroidManifest.xml:27:13-117
247            android:exported="false"
247-->[com.google.android.datatransport:transport-runtime:3.1.9] AndroidManifest.xml:28:13-37
248            android:permission="android.permission.BIND_JOB_SERVICE" >
248-->[com.google.android.datatransport:transport-runtime:3.1.9] AndroidManifest.xml:29:13-69
249        </service>
250
251        <receiver
251-->[com.google.android.datatransport:transport-runtime:3.1.9] AndroidManifest.xml:32:9-34:40
252            android:name="com.google.android.datatransport.runtime.scheduling.jobscheduling.AlarmManagerSchedulerBroadcastReceiver"
252-->[com.google.android.datatransport:transport-runtime:3.1.9] AndroidManifest.xml:33:13-132
253            android:exported="false" />
253-->[com.google.android.datatransport:transport-runtime:3.1.9] AndroidManifest.xml:34:13-37
254    </application>
255
256</manifest>